<?xml version="1.0" encoding="UTF-8"?>
<testsuite xmlns:xsi="http://www.w3.org/2001/XMLSchema-instance" xsi:noNamespaceSchemaLocation="https://maven.apache.org/surefire/maven-surefire-plugin/xsd/surefire-test-report.xsd" name="TestSuite" time="0.286" tests="8" errors="0" skipped="0" failures="0">
  <properties>
    <property name="java.specification.version" value="14"/>
    <property name="sun.jnu.encoding" value="UTF-8"/>
    <property name="java.class.path" value="/home/chris/Documents/Universidad/Ciclo 5/Ing. Software/pc1/RegisterApp/target/test-classes:/home/chris/Documents/Universidad/Ciclo 5/Ing. Software/pc1/RegisterApp/target/classes:/home/chris/.m2/repository/org/testng/testng/7.0.0-beta1/testng-7.0.0-beta1.jar:/home/chris/.m2/repository/com/beust/jcommander/1.72/jcommander-1.72.jar:/home/chris/.m2/repository/org/apache/logging/log4j/log4j-api/2.13.3/log4j-api-2.13.3.jar:/home/chris/.m2/repository/org/apache/logging/log4j/log4j-core/2.13.3/log4j-core-2.13.3.jar:"/>
    <property name="java.vm.vendor" value="Oracle Corporation"/>
    <property name="sun.arch.data.model" value="64"/>
    <property name="java.vendor.url" value="https://java.oracle.com/"/>
    <property name="os.name" value="Linux"/>
    <property name="java.vm.specification.version" value="14"/>
    <property name="sun.java.launcher" value="SUN_STANDARD"/>
    <property name="user.country" value="US"/>
    <property name="sun.boot.library.path" value="/usr/lib/jvm/jdk-14.0.2/lib"/>
    <property name="sun.java.command" value="/home/chris/Documents/Universidad/Ciclo 5/Ing. Software/pc1/RegisterApp/target/surefire/surefirebooter2129199584086383738.jar /home/chris/Documents/Universidad/Ciclo 5/Ing. Software/pc1/RegisterApp/target/surefire 2020-10-08T10-22-02_392-jvmRun1 surefire6549317457482547534tmp surefire_01401155809702788445tmp"/>
    <property name="jdk.debug" value="release"/>
    <property name="surefire.test.class.path" value="/home/chris/Documents/Universidad/Ciclo 5/Ing. Software/pc1/RegisterApp/target/test-classes:/home/chris/Documents/Universidad/Ciclo 5/Ing. Software/pc1/RegisterApp/target/classes:/home/chris/.m2/repository/org/testng/testng/7.0.0-beta1/testng-7.0.0-beta1.jar:/home/chris/.m2/repository/com/beust/jcommander/1.72/jcommander-1.72.jar:/home/chris/.m2/repository/org/apache/logging/log4j/log4j-api/2.13.3/log4j-api-2.13.3.jar:/home/chris/.m2/repository/org/apache/logging/log4j/log4j-core/2.13.3/log4j-core-2.13.3.jar:"/>
    <property name="sun.cpu.endian" value="little"/>
    <property name="user.home" value="/home/chris"/>
    <property name="user.language" value="en"/>
    <property name="java.specification.vendor" value="Oracle Corporation"/>
    <property name="java.version.date" value="2020-07-14"/>
    <property name="java.home" value="/usr/lib/jvm/jdk-14.0.2"/>
    <property name="file.separator" value="/"/>
    <property name="basedir" value="/home/chris/Documents/Universidad/Ciclo 5/Ing. Software/pc1/RegisterApp"/>
    <property name="java.vm.compressedOopsMode" value="Zero based"/>
    <property name="line.separator" value="&#10;"/>
    <property name="java.vm.specification.vendor" value="Oracle Corporation"/>
    <property name="java.specification.name" value="Java Platform API Specification"/>
    <property name="surefire.real.class.path" value="/home/chris/Documents/Universidad/Ciclo 5/Ing. Software/pc1/RegisterApp/target/surefire/surefirebooter2129199584086383738.jar"/>
    <property name="sun.management.compiler" value="HotSpot 64-Bit Tiered Compilers"/>
    <property name="java.runtime.version" value="14.0.2+12-46"/>
    <property name="user.name" value="chris"/>
    <property name="path.separator" value=":"/>
    <property name="os.version" value="5.4.0-48-generic"/>
    <property name="java.runtime.name" value="Java(TM) SE Runtime Environment"/>
    <property name="file.encoding" value="UTF-8"/>
    <property name="java.vm.name" value="Java HotSpot(TM) 64-Bit Server VM"/>
    <property name="localRepository" value="/home/chris/.m2/repository"/>
    <property name="java.vendor.url.bug" value="https://bugreport.java.com/bugreport/"/>
    <property name="java.io.tmpdir" value="/tmp"/>
    <property name="java.version" value="14.0.2"/>
    <property name="user.dir" value="/home/chris/Documents/Universidad/Ciclo 5/Ing. Software/pc1/RegisterApp"/>
    <property name="os.arch" value="amd64"/>
    <property name="java.vm.specification.name" value="Java Virtual Machine Specification"/>
    <property name="java.library.path" value="/usr/java/packages/lib:/usr/lib64:/lib64:/lib:/usr/lib"/>
    <property name="java.vm.info" value="mixed mode, sharing"/>
    <property name="java.vendor" value="Oracle Corporation"/>
    <property name="java.vm.version" value="14.0.2+12-46"/>
    <property name="sun.io.unicode.encoding" value="UnicodeLittle"/>
    <property name="java.class.version" value="58.0"/>
  </properties>
  <testcase name="notifyCE2ATest" classname="ObserverTest" time="0.009"/>
  <testcase name="notifyCounterAlumnosTest" classname="ObserverTest" time="0"/>
  <testcase name="notifyCounterDocentesTest" classname="ObserverTest" time="0.001"/>
  <testcase name="notifyDGATest" classname="ObserverTest" time="0"/>
  <testcase name="checkLinkTest" classname="ProfesorTest" time="0.001"/>
  <testcase name="inputLinkTest" classname="ProfesorTest" time="0"/>
  <testcase name="inputNameTest" classname="ProfesorTest" time="0"/>
  <testcase name="inputTitleTest" classname="ProfesorTest" time="0"/>
</testsuite>