<?xml version="1.0" encoding="UTF-8"?>
<!-- Generated by org.testng.reporters.JUnitReportReporter -->
<testsuite hostname="christian-System" failures="0" tests="4" name="ProfesorTest" time="0.000" errors="0" timestamp="2020-10-08T10:31:15 PET" skipped="0">
  <testcase classname="ProfesorTest" name="inputLinkTest" time="0.000"/>
  <testcase classname="ProfesorTest" name="inputNameTest" time="0.000"/>
  <testcase classname="ProfesorTest" name="inputTitleTest" time="0.000"/>
  <testcase classname="ProfesorTest" name="checkLinkTest" time="0.000"/>
</testsuite> <!-- ProfesorTest -->
