<?xml version="1.0" encoding="UTF-8"?>
<!-- Generated by org.testng.reporters.JUnitReportReporter -->
<testsuite hostname="christian-System" failures="0" tests="4" name="ObserverTest" time="0.010" errors="0" timestamp="2020-10-08T10:22:02 PET" skipped="0">
  <testcase classname="ObserverTest" name="notifyCE2ATest" time="0.009"/>
  <testcase classname="ObserverTest" name="notifyCounterAlumnosTest" time="0.000"/>
  <testcase classname="ObserverTest" name="notifyDGATest" time="0.000"/>
  <testcase classname="ObserverTest" name="notifyCounterDocentesTest" time="0.001"/>
</testsuite> <!-- ObserverTest -->
