<?xml version="1.0" encoding="UTF-8"?>
<!-- Generated by org.testng.reporters.JUnitReportReporter -->
<testsuite hostname="christian-System" failures="0" tests="3" name="teamzero.ChocolateBoilerTest" time="0.000" errors="0" timestamp="2020-10-07T18:36:57 PET" skipped="0">
  <testcase classname="teamzero.ChocolateBoilerTest" name="boilTest" time="0.000"/>
  <testcase classname="teamzero.ChocolateBoilerTest" name="drainTest" time="0.000"/>
  <testcase classname="teamzero.ChocolateBoilerTest" name="fillTest" time="0.000"/>
</testsuite> <!-- teamzero.ChocolateBoilerTest -->
