<?xml version="1.0" encoding="UTF-8"?>
<!-- Generated by org.testng.reporters.JUnitReportReporter -->
<testsuite hostname="christian-System" failures="0" tests="1" name="teamzero.ChocolateBoilerSingletonTest" time="0.009" errors="0" timestamp="2020-10-07T18:36:57 PET" skipped="0">
  <testcase classname="teamzero.ChocolateBoilerSingletonTest" name="SingletonTest" time="0.009"/>
</testsuite> <!-- teamzero.ChocolateBoilerSingletonTest -->
