<?xml version="1.0" encoding="UTF-8"?>
<!-- Generated by org.testng.reporters.JUnitReportReporter -->
<testsuite hostname="christian-System" failures="0" tests="1" name="ObserverTest" time="0.009" errors="0" timestamp="2020-10-08T09:54:37 PET" skipped="0">
  <testcase classname="ObserverTest" name="notifyTest" time="0.009"/>
</testsuite> <!-- ObserverTest -->
