<?xml version="1.0" encoding="UTF-8"?>
<!-- Generated by org.testng.reporters.JUnitReportReporter -->
<testsuite hostname="christian-System" failures="0" tests="1" name="ObserverTest" time="0.008" errors="0" timestamp="2020-10-08T10:04:36 PET" skipped="0">
  <testcase classname="ObserverTest" name="notifyCounterAlumnosTest" time="0.008"/>
</testsuite> <!-- ObserverTest -->
